proguard/seeds.txt
com.amap.map2d.demo.MainActivity
com.amap.map2d.demo.MainActivity: MainActivity()
com.amap.map2d.demo.R$array: int layers_array
com.amap.map2d.demo.R$drawable: int arrow
com.amap.map2d.demo.R$drawable: int badge_sa
com.amap.map2d.demo.R$drawable: int badge_wa
com.amap.map2d.demo.R$drawable: int btn_default_small
com.amap.map2d.demo.R$drawable: int btn_default_small_normal
com.amap.map2d.demo.R$drawable: int btn_default_small_normal_disable
com.amap.map2d.demo.R$drawable: int btn_default_small_pressed
com.amap.map2d.demo.R$drawable: int btn_map_poi
com.amap.map2d.demo.R$drawable: int btn_nav_drag_down
com.amap.map2d.demo.R$drawable: int btn_nav_drag_down_normal
com.amap.map2d.demo.R$drawable: int btn_nav_drag_down_pressed
com.amap.map2d.demo.R$drawable: int btn_poi_search_normal
com.amap.map2d.demo.R$drawable: int btn_route_next
com.amap.map2d.demo.R$drawable: int btn_route_pre
com.amap.map2d.demo.R$drawable: int bus
com.amap.map2d.demo.R$drawable: int car
com.amap.map2d.demo.R$drawable: int custom_info_bubble
com.amap.map2d.demo.R$drawable: int direct_mapsearch
com.amap.map2d.demo.R$drawable: int direct_mapsearch_pressed
com.amap.map2d.demo.R$drawable: int divider
com.amap.map2d.demo.R$drawable: int downarrow
com.amap.map2d.demo.R$drawable: int end
com.amap.map2d.demo.R$drawable: int groundoverlay
com.amap.map2d.demo.R$drawable: int ic_launcher
com.amap.map2d.demo.R$drawable: int icon_poisearch
com.amap.map2d.demo.R$drawable: int left_back
com.amap.map2d.demo.R$drawable: int location_marker
com.amap.map2d.demo.R$drawable: int man
com.amap.map2d.demo.R$drawable: int mode_driving
com.amap.map2d.demo.R$id: int ListView_nav_search_list_poi
com.amap.map2d.demo.R$id: int Lujiazui
com.amap.map2d.demo.R$id: int RelativeLayout_roadsearch_top
com.amap.map2d.demo.R$id: int Zhongguancun
com.amap.map2d.demo.R$id: int alphaSeekBar
com.amap.map2d.demo.R$id: int animate
com.amap.map2d.demo.R$id: int autotextview_roadsearch_goals
com.amap.map2d.demo.R$id: int autotextview_roadsearch_start
com.amap.map2d.demo.R$id: int badge
com.amap.map2d.demo.R$id: int bottom_center
com.amap.map2d.demo.R$id: int bottom_left
com.amap.map2d.demo.R$id: int bottom_right
com.amap.map2d.demo.R$id: int btn_layout
com.amap.map2d.demo.R$id: int busName
com.amap.map2d.demo.R$id: int busid
com.amap.map2d.demo.R$id: int busname
com.amap.map2d.demo.R$id: int buttonScale
com.amap.map2d.demo.R$id: int camera_text
com.amap.map2d.demo.R$id: int city
com.amap.map2d.demo.R$id: int cityName
com.amap.map2d.demo.R$id: int city_text
com.amap.map2d.demo.R$id: int clearMap
com.amap.map2d.demo.R$id: int compass_toggle
com.amap.map2d.demo.R$id: int custom_info_contents
com.amap.map2d.demo.R$id: int custom_info_window
com.amap.map2d.demo.R$id: int custom_info_window_options
com.amap.map2d.demo.R$id: int default_info_window
com.amap.map2d.demo.R$id: int description
com.amap.map2d.demo.R$id: int firstfloor
com.amap.map2d.demo.R$id: int geoButton
com.amap.map2d.demo.R$id: int hueSeekBar
com.amap.map2d.demo.R$id: int imagebtn_roadsearch_endoption
com.amap.map2d.demo.R$id: int imagebtn_roadsearch_search
...
com.amap.api.maps2d.AMap$CancelableCallback
com.amap.api.maps2d.AMap$CancelableCallback: void onFinish()
com.amap.api.maps2d.AMap$CancelableCallback: void onCancel()
com.amap.api.maps2d.AMap$InfoWindowAdapter
com.amap.api.maps2d.AMap$InfoWindowAdapter: android.view.View getInfoWindow(com.amap.api.maps2d.model.Marker)
com.amap.api.maps2d.AMap$InfoWindowAdapter: android.view.View getInfoContents(com.amap.api.maps2d.model.Marker)
com.amap.api.maps2d.AMap$OnCameraChangeListener
com.amap.api.maps2d.AMap$OnCameraChangeListener: void onCameraChange(com.amap.api.maps2d.model.CameraPosition)
com.amap.api.maps2d.AMap$OnCameraChangeListener: void onCameraChangeFinish(com.amap.api.maps2d.model.CameraPosition)
com.amap.api.maps2d.AMap$OnInfoWindowClickListener
com.amap.api.maps2d.AMap$OnInfoWindowClickListener: void onInfoWindowClick(com.amap.api.maps2d.model.Marker)
com.amap.api.maps2d.AMap$OnMapClickListener
com.amap.api.maps2d.AMap$OnMapClickListener: void onMapClick(com.amap.api.maps2d.model.LatLng)
com.amap.api.maps2d.AMap$OnMapLoadedListener
com.amap.api.maps2d.AMap$OnMapLoadedListener: void onMapLoaded()
com.amap.api.maps2d.AMap$OnMapLongClickListener
com.amap.api.maps2d.AMap$OnMapLongClickListener: void onMapLongClick(com.amap.api.maps2d.model.LatLng)
com.amap.api.maps2d.AMap$OnMapScreenShotListener
com.amap.api.maps2d.AMap$OnMapScreenShotListener: void onMapScreenShot(android.graphics.Bitmap)
com.amap.api.maps2d.AMap$OnMapTouchListener
com.amap.api.maps2d.AMap$OnMapTouchListener: void onTouch(android.view.MotionEvent)
com.amap.api.maps2d.AMap$OnMarkerClickListener
com.amap.api.maps2d.AMap$OnMarkerClickListener: boolean onMarkerClick(com.amap.api.maps2d.model.Marker)
com.amap.api.maps2d.AMap$OnMarkerDragListener
com.amap.api.maps2d.AMap$OnMarkerDragListener: void onMarkerDragStart(com.amap.api.maps2d.model.Marker)
com.amap.api.maps2d.AMap$OnMarkerDragListener: void onMarkerDrag(com.amap.api.maps2d.model.Marker)
com.amap.api.maps2d.AMap$OnMarkerDragListener: void onMarkerDragEnd(com.amap.api.maps2d.model.Marker)
com.amap.api.maps2d.AMap$OnMyLocationChangeListener
com.amap.api.maps2d.AMap$OnMyLocationChangeListener: void onMyLocationChange(android.location.Location)
com.amap.api.maps2d.AMapException
com.amap.api.maps2d.AMapException: java.lang.String ERROR_IO
com.amap.api.maps2d.AMapException: java.lang.String ERROR_SOCKET
com.amap.api.maps2d.AMapException: java.lang.String ERROR_SOCKE_TIME_OUT
com.amap.api.maps2d.AMapException: java.lang.String ERROR_INVALID_PARAMETER
com.amap.api.maps2d.AMapException: java.lang.String ERROR_NULL_PARAMETER
com.amap.api.maps2d.AMapException: java.lang.String ERROR_URL
com.amap.api.maps2d.AMapException: java.lang.String ERROR_UNKNOW_HOST
com.amap.api.maps2d.AMapException: java.lang.String ERROR_UNKNOW_SERVICE
com.amap.api.maps2d.AMapException: java.lang.String ERROR_PROTOCOL
com.amap.api.maps2d.AMapException: java.lang.String ERROR_CONNECTION
com.amap.api.maps2d.AMapException: java.lang.String ERROR_FAILURE_AUTH
com.amap.api.maps2d.AMapException: java.lang.String AMAP_NOT_SUPPORT_NAVI
com.amap.api.maps2d.AMapException: java.lang.String AMAP_NOT_SUPPORT
com.amap.api.maps2d.AMapException: java.lang.String ILLEGAL_AMAP_ARGUMENT
com.amap.api.maps2d.AMapException: java.lang.String ILLEGAL_NAVI_ARGUMENT
com.amap.api.maps2d.AMapException: java.lang.String a
com.amap.api.maps2d.AMapException: AMapException(java.lang.String)
com.amap.api.maps2d.AMapException: AMapException()
com.amap.api.maps2d.AMapException: java.lang.String getErrorMessage()
com.amap.api.maps2d.AMapException: void <clinit>()