proguard/mapping.txt
com.amap.map2d.demo.MainActivity -> com.amap.map2d.demo.MainActivity:
    com.amap.map2d.demo.MainActivity$DemoDetails[] demos -> a
    void onCreate(android.os.Bundle) -> onCreate
    void onBackPressed() -> onBackPressed
    void onListItemClick(android.widget.ListView,android.view.View,int,long) -> onListItemClick
com.amap.map2d.demo.MainActivity$CustomArrayAdapter -> com.amap.map2d.demo.a:
    android.view.View getView(int,android.view.View,android.view.ViewGroup) -> getView
com.amap.map2d.demo.MainActivity$DemoDetails -> com.amap.map2d.demo.b:
    int titleId -> a
    int descriptionId -> b
    java.lang.Class activityClass -> c
    int access$0(com.amap.map2d.demo.MainActivity$DemoDetails) -> a
    int access$1(com.amap.map2d.demo.MainActivity$DemoDetails) -> b
    java.lang.Class access$2(com.amap.map2d.demo.MainActivity$DemoDetails) -> c
com.amap.map2d.demo.basic.BaseMapFragmentActivity -> com.amap.map2d.demo.basic.BaseMapFragmentActivity:
    com.amap.api.maps2d.AMap mMap -> n
    void onCreate(android.os.Bundle) -> onCreate
    void onResume() -> onResume
    void setUpMapIfNeeded() -> f
com.amap.map2d.demo.basic.BasicMapActivity -> com.amap.map2d.demo.basic.BasicMapActivity:
    com.amap.api.maps2d.MapView mapView -> a
    com.amap.api.maps2d.AMap aMap -> b
    void onCreate(android.os.Bundle) -> onCreate
    void init() -> a
    void onResume() -> onResume
    void onPause() -> onPause
    void onSaveInstanceState(android.os.Bundle) -> onSaveInstanceState
    void onDestroy() -> onDestroy
com.amap.map2d.demo.basic.CameraActivity -> com.amap.map2d.demo.basic.CameraActivity:
    com.amap.api.maps2d.MapView mapView -> a
    com.amap.api.maps2d.AMap aMap -> b
    void onCreate(android.os.Bundle) -> onCreate
    void init() -> a
    void setUpMap() -> b
    void onResume() -> onResume
    void onPause() -> onPause
    void onSaveInstanceState(android.os.Bundle) -> onSaveInstanceState
    void onDestroy() -> onDestroy
    void changeCamera(com.amap.api.maps2d.CameraUpdate,com.amap.api.maps2d.AMap$CancelableCallback) -> a
    void onClick(android.view.View) -> onClick
    void onCancel() -> onCancel
    void onFinish() -> onFinish
com.amap.map2d.demo.basic.EventsActivity -> com.amap.map2d.demo.basic.EventsActivity:
    com.amap.api.maps2d.AMap aMap -> a
    com.amap.api.maps2d.MapView mapView -> b
    android.widget.TextView mTapTextView -> c
    android.widget.TextView mCameraTextView -> d
    void onCreate(android.os.Bundle) -> onCreate
    void init() -> a
    void setUpMap() -> b
    void onResume() -> onResume
    void onPause() -> onPause
    void onSaveInstanceState(android.os.Bundle) -> onSaveInstanceState
    void onDestroy() -> onDestroy
    void onMapClick(com.amap.api.maps2d.model.LatLng) -> onMapClick
    void onMapLongClick(com.amap.api.maps2d.model.LatLng) -> onMapLongClick
    void onCameraChange(com.amap.api.maps2d.model.CameraPosition) -> onCameraChange
    void onCameraChangeFinish(com.amap.api.maps2d.model.CameraPosition) -> onCameraChangeFinish
com.amap.map2d.demo.basic.LayersActivity -> com.amap.map2d.demo.basic.LayersActivity:
    com.amap.api.maps2d.AMap aMap -> a
    com.amap.api.maps2d.MapView mapView -> b
    void onCreate(android.os.Bundle) -> onCreate
    void init() -> a
    void onResume() -> onResume
    void onPause() -> onPause
    void onSaveInstanceState(android.os.Bundle) -> onSaveInstanceState
    void onDestroy() -> onDestroy
    void onItemSelected(android.widget.AdapterView,android.view.View,int,long) -> onItemSelected
    void setLayer(java.lang.String) -> a
    void onNothingSelected(android.widget.AdapterView) -> onNothingSelected
    void onClick(android.view.View) -> onClick
...
com.amap.api.services.core.aw -> com.amap.api.services.core.aw:
    com.amap.api.services.core.av a -> a
    void a(com.amap.api.services.core.ax) -> a
    void b(com.amap.api.services.core.ax) -> b
com.amap.api.services.core.ax -> com.amap.api.services.core.ax:
    com.amap.api.services.core.ax$a a -> a
    void run() -> run
    void a() -> a
com.amap.api.services.core.ax$a -> com.amap.api.services.core.ax$a:
    void a(com.amap.api.services.core.ax) -> a
    void b(com.amap.api.services.core.ax) -> b
com.amap.api.services.core.ay -> com.amap.api.services.core.ay:
    com.amap.api.services.core.ay a -> a
    java.lang.Thread$UncaughtExceptionHandler b -> b
    android.content.Context c -> c
    boolean d -> d
    java.util.concurrent.ExecutorService e -> e
    java.util.concurrent.ExecutorService a() -> a
    com.amap.api.services.core.ay a(android.content.Context,com.amap.api.services.core.ad) -> a
    com.amap.api.services.core.ay b() -> b
    void a(java.lang.Throwable,java.lang.String,java.lang.String) -> a
    void c() -> c
    void uncaughtException(java.lang.Thread,java.lang.Throwable) -> uncaughtException
    void b(java.lang.Throwable,java.lang.String,java.lang.String) -> b
    void a(java.lang.Throwable,int,java.lang.String,java.lang.String) -> a
    void a(android.content.Context,com.amap.api.services.core.ad,boolean) -> a
    android.content.Context a(com.amap.api.services.core.ay) -> a
com.amap.api.services.core.ay$1 -> com.amap.api.services.core.ay$1:
    android.content.Context a -> a
    com.amap.api.services.core.ad b -> b
    boolean c -> c
    com.amap.api.services.core.ay d -> d
    void run() -> run
com.amap.api.services.core.ay$a -> com.amap.api.services.core.ay$a:
    android.content.Context a -> a
    void a() -> a
com.amap.api.services.core.az -> com.amap.api.services.core.az:
    boolean a -> a
    java.lang.String a() -> a
    int b() -> b
    boolean a(android.content.Context) -> a
com.amap.api.services.core.b -> com.amap.api.services.core.b:
    int h -> h
    java.util.List i -> i
    java.util.List j -> j
    java.lang.Object c() -> c
    int d() -> d
    java.lang.String b() -> b
    java.util.ArrayList a(java.lang.String) -> a
    java.util.List b_() -> b_
    java.util.List f() -> f
    java.lang.String a_() -> a_
    java.lang.Object b(java.lang.String) -> b
com.amap.api.services.core.ba -> com.amap.api.services.core.ba:
    java.lang.String[] a -> a
    int b -> b
    boolean c -> c
    int d -> d
    com.amap.api.services.core.ba$a e -> e
    int a() -> a
    java.lang.String b() -> b
    java.lang.String a(java.lang.String) -> a
    com.amap.api.services.core.bn a(com.amap.api.services.core.ak) -> a
    java.lang.String a(java.util.List) -> a
    java.lang.String c() -> c
    void b(java.lang.String) -> b
com.amap.api.services.core.ba$1 -> com.amap.api.services.core.ba$1:
com.amap.api.services.core.ba$a -> com.amap.api.services.core.ba$a:
    com.amap.api.services.core.ak b -> b
    com.amap.api.services.core.ba a -> a
    void a(java.lang.String) -> a
com.amap.api.services.core.bb -> com.amap.api.services.core.bb:
    boolean a -> a
    java.lang.String a() -> a
    int b() -> b
    boolean a(android.content.Context) -> a
com.amap.api.services.core.bc -> com.amap.api.services.core.bc:
    com.amap.api.services.core.bc$a a -> a
    int a() -> a
    java.lang.String a(java.lang.String) -> a
    java.lang.String b() -> b
    com.amap.api.services.core.bn a(com.amap.api.services.core.ak) -> a
    java.lang.String a(java.util.List) -> a
com.amap.api.services.core.bc$a -> com.amap.api.services.core.bc$a:
    com.amap.api.services.core.ak b -> b
    com.amap.api.services.core.bc a -> a
    void a(java.lang.String) -> a
com.amap.api.services.core.bd -> com.amap.api.services.core.bd:
    boolean a -> a
    java.lang.String a() -> a
    int b() -> b
    boolean a(android.content.Context) -> a