proguard/usage.txt
com.amap.map2d.demo.BuildConfig
com.amap.map2d.demo.R
com.amap.map2d.demo.R$array
com.amap.map2d.demo.R$attr
com.amap.map2d.demo.R$drawable
com.amap.map2d.demo.R$id
com.amap.map2d.demo.R$layout
com.amap.map2d.demo.R$string
com.amap.map2d.demo.basic.CameraActivity:
    private static final int SCROLL_BY_PX
com.amap.map2d.demo.basic.MapOptionActivity:
    private static final java.lang.String MAP_FRAGMENT_TAG
com.amap.map2d.demo.basic.OsmMapActivity:
    private static final java.lang.String OSM_URL
com.amap.map2d.demo.busline.BuslineActivity:
    private com.amap.api.services.busline.BusStationQuery busStationQuery
com.amap.map2d.demo.overlay.CircleActivity:
    private static final int WIDTH_MAX
    private static final int HUE_MAX
    private static final int ALPHA_MAX
com.amap.map2d.demo.overlay.PolygonActivity:
    private static final int WIDTH_MAX
    private static final int HUE_MAX
    private static final int ALPHA_MAX
com.amap.map2d.demo.overlay.PolylineActivity:
    private static final int WIDTH_MAX
    private static final int HUE_MAX
    private static final int ALPHA_MAX
com.amap.map2d.demo.poisearch.PoiAroundSearchActivity:
    private static synthetic int[] $SWITCH_TABLE$com$amap$api$services$poisearch$PoiItemDetail$DeepType
    360:401:private java.lang.StringBuffer getDeepInfo(com.amap.api.services.poisearch.PoiItemDetail,java.lang.StringBuffer)
    45:45:static synthetic int[] $SWITCH_TABLE$com$amap$api$services$poisearch$PoiItemDetail$DeepType()
com.amap.map2d.demo.poisearch.PoiKeywordSearchActivity:
    220:234:public boolean getAppIn()
    242:253:public java.lang.String getApplicationName()
com.amap.map2d.demo.route.RouteActivity:
    public android.widget.ArrayAdapter aAdapter
com.amap.map2d.demo.route.RouteSearchPoiDialog:
    26:27:public RouteSearchPoiDialog(android.content.Context)
com.amap.map2d.demo.util.AMapUtil:
    public static final java.lang.String HtmlBlack
    public static final java.lang.String HtmlGray
    19:19:public AMapUtil()
    33:33:public static android.text.Spanned stringToSpan(java.lang.String)
    37:41:public static java.lang.String colorFont(java.lang.String,java.lang.String)
    45:45:public static java.lang.String makeHtmlNewLine()
    49:54:public static java.lang.String makeHtmlSpace(int)
    58:81:public static java.lang.String getFriendlyLength(int)
    85:85:public static boolean IsEmptyOrNullString(java.lang.String)
    106:111:public static java.util.ArrayList convertArrList(java.util.List)
com.amap.map2d.demo.util.ChString
com.amap.map2d.demo.util.Constants:
    public static final int ERROR
    public static final int ROUTE_START_SEARCH
    public static final int ROUTE_END_SEARCH
    public static final int ROUTE_BUS_RESULT
    public static final int ROUTE_DRIVING_RESULT
    public static final int ROUTE_WALK_RESULT
    public static final int ROUTE_NO_RESULT
    public static final int GEOCODER_RESULT
    public static final int GEOCODER_NO_RESULT
    public static final int POISEARCH
    public static final int POISEARCH_NO_RESULT
    public static final int POISEARCH_NEXT
    public static final int BUSLINE_LINE_RESULT
    public static final int BUSLINE_id_RESULT
    public static final int BUSLINE_NO_RESULT
    5:5:public Constants()
com.amap.map2d.demo.util.ToastUtil:
    9:9:public ToastUtil()
...
android.support.v4.app.NotificationCompatHoneycomb
android.support.v4.app.NotificationCompatIceCreamSandwich
android.support.v4.app.NotificationCompatJellybean
android.support.v4.app.ServiceCompat
android.support.v4.app.ShareCompat
android.support.v4.app.ShareCompat$IntentBuilder
android.support.v4.app.ShareCompat$IntentReader
android.support.v4.app.ShareCompat$ShareCompatImpl
android.support.v4.app.ShareCompat$ShareCompatImplBase
android.support.v4.app.ShareCompat$ShareCompatImplICS
android.support.v4.app.ShareCompat$ShareCompatImplJB
android.support.v4.app.ShareCompatICS
android.support.v4.app.ShareCompatJB
android.support.v4.app.TaskStackBuilder
android.support.v4.app.TaskStackBuilder$TaskStackBuilderImpl
android.support.v4.app.TaskStackBuilder$TaskStackBuilderImplBase
android.support.v4.app.TaskStackBuilder$TaskStackBuilderImplHoneycomb
android.support.v4.app.TaskStackBuilder$TaskStackBuilderImplJellybean
android.support.v4.app.TaskStackBuilderHoneycomb
android.support.v4.app.TaskStackBuilderJellybean
android.support.v4.content.AsyncTaskLoader
android.support.v4.content.AsyncTaskLoader$LoadTask
android.support.v4.content.ContextCompat
android.support.v4.content.ContextCompatHoneycomb
android.support.v4.content.ContextCompatJellybean
android.support.v4.content.CursorLoader
android.support.v4.content.IntentCompat
android.support.v4.content.IntentCompat$IntentCompatImpl
android.support.v4.content.IntentCompat$IntentCompatImplBase
android.support.v4.content.IntentCompat$IntentCompatImplHC
android.support.v4.content.IntentCompat$IntentCompatImplIcsMr1
android.support.v4.content.IntentCompatHoneycomb
android.support.v4.content.IntentCompatIcsMr1
android.support.v4.content.Loader:
    android.content.Context mContext
    90:92:public Loader(android.content.Context)
    102:105:public void deliverResult(java.lang.Object)
    111:111:public android.content.Context getContext()
    118:118:public int getId()
    157:157:public boolean isStarted()
    166:166:public boolean isAbandoned()
    175:175:public boolean isReset()
    217:218:public void forceLoad()
    225:225:protected void onForceLoad()
    261:263:public void abandon()
    275:275:protected void onAbandon()
    312:314:public boolean takeContentChanged()
    326:334:public void onContentChanged()
android.support.v4.content.Loader$ForceLoadContentObserver
android.support.v4.content.Loader$OnLoadCompleteListener:
    public abstract void onLoadComplete(android.support.v4.content.Loader,java.lang.Object)
android.support.v4.content.LocalBroadcastManager
android.support.v4.content.LocalBroadcastManager$1
android.support.v4.content.LocalBroadcastManager$BroadcastRecord
android.support.v4.content.LocalBroadcastManager$ReceiverRecord
android.support.v4.content.ModernAsyncTask
android.support.v4.content.ModernAsyncTask$1
android.support.v4.content.ModernAsyncTask$2
android.support.v4.content.ModernAsyncTask$3
android.support.v4.content.ModernAsyncTask$4
android.support.v4.content.ModernAsyncTask$AsyncTaskResult
android.support.v4.content.ModernAsyncTask$InternalHandler
android.support.v4.content.ModernAsyncTask$Status
android.support.v4.content.ModernAsyncTask$WorkerRunnable
android.support.v4.content.pm.ActivityInfoCompat
android.support.v4.database.DatabaseUtilsCompat
android.support.v4.net.ConnectivityManagerCompat
android.support.v4.net.ConnectivityManagerCompat$BaseConnectivityManagerCompatImpl
android.support.v4.net.ConnectivityManagerCompat$ConnectivityManagerCompatImpl
android.support.v4.net.ConnectivityManagerCompat$GingerbreadConnectivityManagerCompatImpl
android.support.v4.net.ConnectivityManagerCompat$HoneycombMR2ConnectivityManagerCompatImpl
android.support.v4.net.ConnectivityManagerCompat$JellyBeanConnectivityManagerCompatImpl
android.support.v4.net.ConnectivityManagerCompatGingerbread
android.support.v4.net.ConnectivityManagerCompatHoneycombMR2
android.support.v4.net.ConnectivityManagerCompatJellyBean
android.support.v4.net.TrafficStatsCompat